I, [2015-02-09T03:35:34.663731 #14880]  INFO -- Kitchen: -----> Starting Kitchen (v1.3.1)
I, [2015-02-09T03:35:34.938052 #14880]  INFO -- Kitchen: -----> Cleaning up any prior instances of <default-ubuntu-1410>
I, [2015-02-09T03:35:34.938237 #14880]  INFO -- Kitchen: -----> Destroying <default-ubuntu-1410>...
I, [2015-02-09T03:35:34.940327 #14880]  INFO -- Kitchen: -----> Testing <default-ubuntu-1410>
I, [2015-02-09T03:35:34.940445 #14880]  INFO -- Kitchen: -----> Creating <default-ubuntu-1410>...
I, [2015-02-09T03:38:40.996244 #14880]  INFO -- Kitchen: -----> Converging <default-ubuntu-1410>...
E, [2015-02-09T03:38:41.002659 #14880] ERROR -- Kitchen: ------Exception-------
E, [2015-02-09T03:38:41.002705 #14880] ERROR -- Kitchen: Class: Kitchen::ActionFailed
E, [2015-02-09T03:38:41.002723 #14880] ERROR -- Kitchen: Message: Failed to complete #converge action: [No such file or directory]
E, [2015-02-09T03:38:41.002756 #14880] ERROR -- Kitchen: ---Nested Exception---
E, [2015-02-09T03:38:41.002790 #14880] ERROR -- Kitchen: Class: Errno::ENOENT
E, [2015-02-09T03:38:41.002817 #14880] ERROR -- Kitchen: Message: No such file or directory
E, [2015-02-09T03:38:41.002889 #14880] ERROR -- Kitchen: ------Backtrace-------
E, [2015-02-09T03:38:41.002903 #14880] ERROR -- Kitchen: /Users/rjones/.rvm/rubies/ruby-2.2.0/lib/ruby/2.2.0/find.rb:42:in `block in find'
E, [2015-02-09T03:38:41.002917 #14880] ERROR -- Kitchen: /Users/rjones/.rvm/rubies/ruby-2.2.0/lib/ruby/2.2.0/find.rb:42:in `collect!'
E, [2015-02-09T03:38:41.002929 #14880] ERROR -- Kitchen: /Users/rjones/.rvm/rubies/ruby-2.2.0/lib/ruby/2.2.0/find.rb:42:in `find'
E, [2015-02-09T03:38:41.002942 #14880] ERROR -- Kitchen: /Users/rjones/.rvm/gems/ruby-2.2.0@global/gems/kitchen-salt-0.0.19/lib/kitchen/provisioner/salt_solo.rb:409:in `block in cp_r_with_filter'
E, [2015-02-09T03:38:41.002954 #14880] ERROR -- Kitchen: /Users/rjones/.rvm/gems/ruby-2.2.0@global/gems/kitchen-salt-0.0.19/lib/kitchen/provisioner/salt_solo.rb:408:in `each'
E, [2015-02-09T03:38:41.002966 #14880] ERROR -- Kitchen: /Users/rjones/.rvm/gems/ruby-2.2.0@global/gems/kitchen-salt-0.0.19/lib/kitchen/provisioner/salt_solo.rb:408:in `cp_r_with_filter'
E, [2015-02-09T03:38:41.002978 #14880] ERROR -- Kitchen: /Users/rjones/.rvm/gems/ruby-2.2.0@global/gems/kitchen-salt-0.0.19/lib/kitchen/provisioner/salt_solo.rb:362:in `prepare_formula'
E, [2015-02-09T03:38:41.002990 #14880] ERROR -- Kitchen: /Users/rjones/.rvm/gems/ruby-2.2.0@global/gems/kitchen-salt-0.0.19/lib/kitchen/provisioner/salt_solo.rb:158:in `create_sandbox'
E, [2015-02-09T03:38:41.003002 #14880] ERROR -- Kitchen: /Users/rjones/.rvm/gems/ruby-2.2.0@global/gems/test-kitchen-1.3.1/lib/kitchen/driver/ssh_base.rb:42:in `converge'
E, [2015-02-09T03:38:41.003014 #14880] ERROR -- Kitchen: /Users/rjones/.rvm/gems/ruby-2.2.0/gems/kitchen-vagrant-0.15.0/lib/kitchen/driver/vagrant.rb:75:in `converge'
E, [2015-02-09T03:38:41.003026 #14880] ERROR -- Kitchen: /Users/rjones/.rvm/gems/ruby-2.2.0@global/gems/test-kitchen-1.3.1/lib/kitchen/instance.rb:352:in `public_send'
E, [2015-02-09T03:38:41.003038 #14880] ERROR -- Kitchen: /Users/rjones/.rvm/gems/ruby-2.2.0@global/gems/test-kitchen-1.3.1/lib/kitchen/instance.rb:352:in `block in perform_action'
E, [2015-02-09T03:38:41.003050 #14880] ERROR -- Kitchen: /Users/rjones/.rvm/gems/ruby-2.2.0@global/gems/test-kitchen-1.3.1/lib/kitchen/instance.rb:416:in `call'
E, [2015-02-09T03:38:41.003062 #14880] ERROR -- Kitchen: /Users/rjones/.rvm/gems/ruby-2.2.0@global/gems/test-kitchen-1.3.1/lib/kitchen/instance.rb:416:in `synchronize_or_call'
E, [2015-02-09T03:38:41.003074 #14880] ERROR -- Kitchen: /Users/rjones/.rvm/gems/ruby-2.2.0@global/gems/test-kitchen-1.3.1/lib/kitchen/instance.rb:381:in `block in action'
E, [2015-02-09T03:38:41.003088 #14880] ERROR -- Kitchen: /Users/rjones/.rvm/rubies/ruby-2.2.0/lib/ruby/2.2.0/benchmark.rb:288:in `measure'
E, [2015-02-09T03:38:41.003101 #14880] ERROR -- Kitchen: /Users/rjones/.rvm/gems/ruby-2.2.0@global/gems/test-kitchen-1.3.1/lib/kitchen/instance.rb:380:in `action'
E, [2015-02-09T03:38:41.003113 #14880] ERROR -- Kitchen: /Users/rjones/.rvm/gems/ruby-2.2.0@global/gems/test-kitchen-1.3.1/lib/kitchen/instance.rb:352:in `perform_action'
E, [2015-02-09T03:38:41.003137 #14880] ERROR -- Kitchen: /Users/rjones/.rvm/gems/ruby-2.2.0@global/gems/test-kitchen-1.3.1/lib/kitchen/instance.rb:312:in `converge_action'
E, [2015-02-09T03:38:41.003151 #14880] ERROR -- Kitchen: /Users/rjones/.rvm/gems/ruby-2.2.0@global/gems/test-kitchen-1.3.1/lib/kitchen/instance.rb:292:in `block in transition_to'
E, [2015-02-09T03:38:41.003163 #14880] ERROR -- Kitchen: /Users/rjones/.rvm/gems/ruby-2.2.0@global/gems/test-kitchen-1.3.1/lib/kitchen/instance.rb:291:in `each'
E, [2015-02-09T03:38:41.003175 #14880] ERROR -- Kitchen: /Users/rjones/.rvm/gems/ruby-2.2.0@global/gems/test-kitchen-1.3.1/lib/kitchen/instance.rb:291:in `transition_to'
E, [2015-02-09T03:38:41.003187 #14880] ERROR -- Kitchen: /Users/rjones/.rvm/gems/ruby-2.2.0@global/gems/test-kitchen-1.3.1/lib/kitchen/instance.rb:152:in `verify'
E, [2015-02-09T03:38:41.003198 #14880] ERROR -- Kitchen: /Users/rjones/.rvm/gems/ruby-2.2.0@global/gems/test-kitchen-1.3.1/lib/kitchen/instance.rb:181:in `block in test'
E, [2015-02-09T03:38:41.003210 #14880] ERROR -- Kitchen: /Users/rjones/.rvm/rubies/ruby-2.2.0/lib/ruby/2.2.0/benchmark.rb:288:in `measure'
E, [2015-02-09T03:38:41.003222 #14880] ERROR -- Kitchen: /Users/rjones/.rvm/gems/ruby-2.2.0@global/gems/test-kitchen-1.3.1/lib/kitchen/instance.rb:177:in `test'
E, [2015-02-09T03:38:41.003234 #14880] ERROR -- Kitchen: /Users/rjones/.rvm/gems/ruby-2.2.0@global/gems/test-kitchen-1.3.1/lib/kitchen/command.rb:176:in `public_send'
E, [2015-02-09T03:38:41.003245 #14880] ERROR -- Kitchen: /Users/rjones/.rvm/gems/ruby-2.2.0@global/gems/test-kitchen-1.3.1/lib/kitchen/command.rb:176:in `block (2 levels) in run_action'
E, [2015-02-09T03:38:41.003257 #14880] ERROR -- Kitchen: ----------------------
I, [2015-02-09T03:46:01.486472 #15010]  INFO -- Kitchen: -----> Starting Kitchen (v1.3.1)
I, [2015-02-09T03:46:01.771419 #15010]  INFO -- Kitchen: -----> Cleaning up any prior instances of <default-ubuntu-1410>
I, [2015-02-09T03:46:01.773399 #15010]  INFO -- Kitchen: -----> Destroying <default-ubuntu-1410>...
I, [2015-02-09T03:46:05.560993 #15010]  INFO -- Kitchen: -----> Testing <default-ubuntu-1410>
I, [2015-02-09T03:46:05.561166 #15010]  INFO -- Kitchen: -----> Creating <default-ubuntu-1410>...
I, [2015-02-09T03:46:44.331387 #15010]  INFO -- Kitchen: -----> Converging <default-ubuntu-1410>...
E, [2015-02-09T03:46:44.346815 #15010] ERROR -- Kitchen: ------Exception-------
E, [2015-02-09T03:46:44.346934 #15010] ERROR -- Kitchen: Class: Kitchen::ActionFailed
E, [2015-02-09T03:46:44.346985 #15010] ERROR -- Kitchen: Message: Failed to complete #converge action: [No such file or directory]
E, [2015-02-09T03:46:44.347023 #15010] ERROR -- Kitchen: ---Nested Exception---
E, [2015-02-09T03:46:44.347086 #15010] ERROR -- Kitchen: Class: Errno::ENOENT
E, [2015-02-09T03:46:44.347153 #15010] ERROR -- Kitchen: Message: No such file or directory
E, [2015-02-09T03:46:44.347193 #15010] ERROR -- Kitchen: ------Backtrace-------
E, [2015-02-09T03:46:44.347222 #15010] ERROR -- Kitchen: /Users/rjones/.rvm/rubies/ruby-2.2.0/lib/ruby/2.2.0/find.rb:42:in `block in find'
E, [2015-02-09T03:46:44.347255 #15010] ERROR -- Kitchen: /Users/rjones/.rvm/rubies/ruby-2.2.0/lib/ruby/2.2.0/find.rb:42:in `collect!'
E, [2015-02-09T03:46:44.347289 #15010] ERROR -- Kitchen: /Users/rjones/.rvm/rubies/ruby-2.2.0/lib/ruby/2.2.0/find.rb:42:in `find'
E, [2015-02-09T03:46:44.347333 #15010] ERROR -- Kitchen: /Users/rjones/.rvm/gems/ruby-2.2.0@global/gems/kitchen-salt-0.0.19/lib/kitchen/provisioner/salt_solo.rb:409:in `block in cp_r_with_filter'
E, [2015-02-09T03:46:44.347372 #15010] ERROR -- Kitchen: /Users/rjones/.rvm/gems/ruby-2.2.0@global/gems/kitchen-salt-0.0.19/lib/kitchen/provisioner/salt_solo.rb:408:in `each'
E, [2015-02-09T03:46:44.347401 #15010] ERROR -- Kitchen: /Users/rjones/.rvm/gems/ruby-2.2.0@global/gems/kitchen-salt-0.0.19/lib/kitchen/provisioner/salt_solo.rb:408:in `cp_r_with_filter'
E, [2015-02-09T03:46:44.347432 #15010] ERROR -- Kitchen: /Users/rjones/.rvm/gems/ruby-2.2.0@global/gems/kitchen-salt-0.0.19/lib/kitchen/provisioner/salt_solo.rb:362:in `prepare_formula'
E, [2015-02-09T03:46:44.347615 #15010] ERROR -- Kitchen: /Users/rjones/.rvm/gems/ruby-2.2.0@global/gems/kitchen-salt-0.0.19/lib/kitchen/provisioner/salt_solo.rb:158:in `create_sandbox'
E, [2015-02-09T03:46:44.347651 #15010] ERROR -- Kitchen: /Users/rjones/.rvm/gems/ruby-2.2.0@global/gems/test-kitchen-1.3.1/lib/kitchen/driver/ssh_base.rb:42:in `converge'
E, [2015-02-09T03:46:44.347683 #15010] ERROR -- Kitchen: /Users/rjones/.rvm/gems/ruby-2.2.0/gems/kitchen-vagrant-0.15.0/lib/kitchen/driver/vagrant.rb:75:in `converge'
E, [2015-02-09T03:46:44.347711 #15010] ERROR -- Kitchen: /Users/rjones/.rvm/gems/ruby-2.2.0@global/gems/test-kitchen-1.3.1/lib/kitchen/instance.rb:352:in `public_send'
E, [2015-02-09T03:46:44.347742 #15010] ERROR -- Kitchen: /Users/rjones/.rvm/gems/ruby-2.2.0@global/gems/test-kitchen-1.3.1/lib/kitchen/instance.rb:352:in `block in perform_action'
E, [2015-02-09T03:46:44.347773 #15010] ERROR -- Kitchen: /Users/rjones/.rvm/gems/ruby-2.2.0@global/gems/test-kitchen-1.3.1/lib/kitchen/instance.rb:416:in `call'
E, [2015-02-09T03:46:44.347808 #15010] ERROR -- Kitchen: /Users/rjones/.rvm/gems/ruby-2.2.0@global/gems/test-kitchen-1.3.1/lib/kitchen/instance.rb:416:in `synchronize_or_call'
E, [2015-02-09T03:46:44.347836 #15010] ERROR -- Kitchen: /Users/rjones/.rvm/gems/ruby-2.2.0@global/gems/test-kitchen-1.3.1/lib/kitchen/instance.rb:381:in `block in action'
E, [2015-02-09T03:46:44.347868 #15010] ERROR -- Kitchen: /Users/rjones/.rvm/rubies/ruby-2.2.0/lib/ruby/2.2.0/benchmark.rb:288:in `measure'
E, [2015-02-09T03:46:44.347896 #15010] ERROR -- Kitchen: /Users/rjones/.rvm/gems/ruby-2.2.0@global/gems/test-kitchen-1.3.1/lib/kitchen/instance.rb:380:in `action'
E, [2015-02-09T03:46:44.347925 #15010] ERROR -- Kitchen: /Users/rjones/.rvm/gems/ruby-2.2.0@global/gems/test-kitchen-1.3.1/lib/kitchen/instance.rb:352:in `perform_action'
E, [2015-02-09T03:46:44.347957 #15010] ERROR -- Kitchen: /Users/rjones/.rvm/gems/ruby-2.2.0@global/gems/test-kitchen-1.3.1/lib/kitchen/instance.rb:312:in `converge_action'
E, [2015-02-09T03:46:44.347983 #15010] ERROR -- Kitchen: /Users/rjones/.rvm/gems/ruby-2.2.0@global/gems/test-kitchen-1.3.1/lib/kitchen/instance.rb:292:in `block in transition_to'
E, [2015-02-09T03:46:44.348034 #15010] ERROR -- Kitchen: /Users/rjones/.rvm/gems/ruby-2.2.0@global/gems/test-kitchen-1.3.1/lib/kitchen/instance.rb:291:in `each'
E, [2015-02-09T03:46:44.348067 #15010] ERROR -- Kitchen: /Users/rjones/.rvm/gems/ruby-2.2.0@global/gems/test-kitchen-1.3.1/lib/kitchen/instance.rb:291:in `transition_to'
E, [2015-02-09T03:46:44.348101 #15010] ERROR -- Kitchen: /Users/rjones/.rvm/gems/ruby-2.2.0@global/gems/test-kitchen-1.3.1/lib/kitchen/instance.rb:152:in `verify'
E, [2015-02-09T03:46:44.348140 #15010] ERROR -- Kitchen: /Users/rjones/.rvm/gems/ruby-2.2.0@global/gems/test-kitchen-1.3.1/lib/kitchen/instance.rb:181:in `block in test'
E, [2015-02-09T03:46:44.348168 #15010] ERROR -- Kitchen: /Users/rjones/.rvm/rubies/ruby-2.2.0/lib/ruby/2.2.0/benchmark.rb:288:in `measure'
E, [2015-02-09T03:46:44.348206 #15010] ERROR -- Kitchen: /Users/rjones/.rvm/gems/ruby-2.2.0@global/gems/test-kitchen-1.3.1/lib/kitchen/instance.rb:177:in `test'
E, [2015-02-09T03:46:44.348242 #15010] ERROR -- Kitchen: /Users/rjones/.rvm/gems/ruby-2.2.0@global/gems/test-kitchen-1.3.1/lib/kitchen/command.rb:176:in `public_send'
E, [2015-02-09T03:46:44.348273 #15010] ERROR -- Kitchen: /Users/rjones/.rvm/gems/ruby-2.2.0@global/gems/test-kitchen-1.3.1/lib/kitchen/command.rb:176:in `block (2 levels) in run_action'
E, [2015-02-09T03:46:44.348304 #15010] ERROR -- Kitchen: ----------------------
I, [2015-02-09T05:38:13.742666 #3379]  INFO -- Kitchen: -----> Starting Kitchen (v1.3.1)
I, [2015-02-09T05:38:14.558995 #3379]  INFO -- Kitchen: -----> Cleaning up any prior instances of <default-ubuntu-1410>
I, [2015-02-09T05:38:14.559716 #3379]  INFO -- Kitchen: -----> Destroying <default-ubuntu-1410>...
E, [2015-02-09T05:38:18.323847 #3379] ERROR -- Kitchen: ------Exception-------
E, [2015-02-09T05:38:18.323958 #3379] ERROR -- Kitchen: Class: Kitchen::ActionFailed
E, [2015-02-09T05:38:18.324032 #3379] ERROR -- Kitchen: Message: Failed to complete #destroy action: [Expected process to exit with [0], but received '1'
---- Begin output of vagrant destroy -f ----
STDOUT: 
STDERR: /opt/vagrant/embedded/gems/gems/vagrant-1.7.1/lib/vagrant/environment.rb:492:in `initialize': Permission denied - /Users/rjones/.vagrant.d/data/lock.dotlock.lock (Errno::EACCES)
	from /opt/vagrant/embedded/gems/gems/vagrant-1.7.1/lib/vagrant/environment.rb:492:in `open'
	from /opt/vagrant/embedded/gems/gems/vagrant-1.7.1/lib/vagrant/environment.rb:492:in `block in lock'
	from /opt/vagrant/embedded/gems/gems/vagrant-1.7.1/lib/vagrant/environment.rb:485:in `lock'
	from /opt/vagrant/embedded/gems/gems/vagrant-1.7.1/lib/vagrant/environment.rb:491:in `lock'
	from /opt/vagrant/embedded/gems/gems/vagrant-1.7.1/lib/vagrant/environment.rb:491:in `lock'
	from /opt/vagrant/embedded/gems/gems/vagrant-1.7.1/lib/vagrant/machine.rb:176:in `call'
	from /opt/vagrant/embedded/gems/gems/vagrant-1.7.1/lib/vagrant/machine.rb:176:in `action'
	from /opt/vagrant/embedded/gems/gems/vagrant-1.7.1/plugins/commands/destroy/command.rb:31:in `block in execute'
	from /opt/vagrant/embedded/gems/gems/vagrant-1.7.1/lib/vagrant/plugin/v2/command.rb:226:in `block in with_target_vms'
	from /opt/vagrant/embedded/gems/gems/vagrant-1.7.1/lib/vagrant/plugin/v2/command.rb:220:in `each'
	from /opt/vagrant/embedded/gems/gems/vagrant-1.7.1/lib/vagrant/plugin/v2/command.rb:220:in `with_target_vms'
	from /opt/vagrant/embedded/gems/gems/vagrant-1.7.1/plugins/commands/destroy/command.rb:30:in `execute'
	from /opt/vagrant/embedded/gems/gems/vagrant-1.7.1/lib/vagrant/cli.rb:42:in `execute'
	from /opt/vagrant/embedded/gems/gems/vagrant-1.7.1/lib/vagrant/environment.rb:301:in `cli'
	from /opt/vagrant/bin/../embedded/gems/gems/vagrant-1.7.1/bin/vagrant:174:in `<main>'
---- End output of vagrant destroy -f ----
Ran vagrant destroy -f returned 1]
E, [2015-02-09T05:38:18.324104 #3379] ERROR -- Kitchen: ---Nested Exception---
E, [2015-02-09T05:38:18.324146 #3379] ERROR -- Kitchen: Class: Kitchen::ShellOut::ShellCommandFailed
E, [2015-02-09T05:38:18.324174 #3379] ERROR -- Kitchen: Message: Expected process to exit with [0], but received '1'
---- Begin output of vagrant destroy -f ----
STDOUT: 
STDERR: /opt/vagrant/embedded/gems/gems/vagrant-1.7.1/lib/vagrant/environment.rb:492:in `initialize': Permission denied - /Users/rjones/.vagrant.d/data/lock.dotlock.lock (Errno::EACCES)
	from /opt/vagrant/embedded/gems/gems/vagrant-1.7.1/lib/vagrant/environment.rb:492:in `open'
	from /opt/vagrant/embedded/gems/gems/vagrant-1.7.1/lib/vagrant/environment.rb:492:in `block in lock'
	from /opt/vagrant/embedded/gems/gems/vagrant-1.7.1/lib/vagrant/environment.rb:485:in `lock'
	from /opt/vagrant/embedded/gems/gems/vagrant-1.7.1/lib/vagrant/environment.rb:491:in `lock'
	from /opt/vagrant/embedded/gems/gems/vagrant-1.7.1/lib/vagrant/environment.rb:491:in `lock'
	from /opt/vagrant/embedded/gems/gems/vagrant-1.7.1/lib/vagrant/machine.rb:176:in `call'
	from /opt/vagrant/embedded/gems/gems/vagrant-1.7.1/lib/vagrant/machine.rb:176:in `action'
	from /opt/vagrant/embedded/gems/gems/vagrant-1.7.1/plugins/commands/destroy/command.rb:31:in `block in execute'
	from /opt/vagrant/embedded/gems/gems/vagrant-1.7.1/lib/vagrant/plugin/v2/command.rb:226:in `block in with_target_vms'
	from /opt/vagrant/embedded/gems/gems/vagrant-1.7.1/lib/vagrant/plugin/v2/command.rb:220:in `each'
	from /opt/vagrant/embedded/gems/gems/vagrant-1.7.1/lib/vagrant/plugin/v2/command.rb:220:in `with_target_vms'
	from /opt/vagrant/embedded/gems/gems/vagrant-1.7.1/plugins/commands/destroy/command.rb:30:in `execute'
	from /opt/vagrant/embedded/gems/gems/vagrant-1.7.1/lib/vagrant/cli.rb:42:in `execute'
	from /opt/vagrant/embedded/gems/gems/vagrant-1.7.1/lib/vagrant/environment.rb:301:in `cli'
	from /opt/vagrant/bin/../embedded/gems/gems/vagrant-1.7.1/bin/vagrant:174:in `<main>'
---- End output of vagrant destroy -f ----
Ran vagrant destroy -f returned 1
E, [2015-02-09T05:38:18.324213 #3379] ERROR -- Kitchen: ------Backtrace-------
E, [2015-02-09T05:38:18.324240 #3379] ERROR -- Kitchen: /Users/rjones/.rvm/gems/ruby-2.1.2@global/gems/test-kitchen-1.3.1/lib/kitchen/shell_out.rb:69:in `rescue in run_command'
E, [2015-02-09T05:38:18.324266 #3379] ERROR -- Kitchen: /Users/rjones/.rvm/gems/ruby-2.1.2@global/gems/test-kitchen-1.3.1/lib/kitchen/shell_out.rb:59:in `run_command'
E, [2015-02-09T05:38:18.324297 #3379] ERROR -- Kitchen: /Users/rjones/.rvm/gems/ruby-2.1.2@global/gems/test-kitchen-1.3.1/lib/kitchen/driver/base.rb:182:in `run_command'
E, [2015-02-09T05:38:18.324323 #3379] ERROR -- Kitchen: /Users/rjones/.rvm/gems/ruby-2.1.2@global/gems/kitchen-vagrant-0.15.0/lib/kitchen/driver/vagrant.rb:123:in `run'
E, [2015-02-09T05:38:18.324367 #3379] ERROR -- Kitchen: /Users/rjones/.rvm/gems/ruby-2.1.2@global/gems/kitchen-vagrant-0.15.0/lib/kitchen/driver/vagrant.rb:93:in `destroy'
E, [2015-02-09T05:38:18.324392 #3379] ERROR -- Kitchen: /Users/rjones/.rvm/gems/ruby-2.1.2@global/gems/test-kitchen-1.3.1/lib/kitchen/instance.rb:352:in `public_send'
E, [2015-02-09T05:38:18.324417 #3379] ERROR -- Kitchen: /Users/rjones/.rvm/gems/ruby-2.1.2@global/gems/test-kitchen-1.3.1/lib/kitchen/instance.rb:352:in `block in perform_action'
E, [2015-02-09T05:38:18.324442 #3379] ERROR -- Kitchen: /Users/rjones/.rvm/gems/ruby-2.1.2@global/gems/test-kitchen-1.3.1/lib/kitchen/instance.rb:413:in `call'
E, [2015-02-09T05:38:18.324467 #3379] ERROR -- Kitchen: /Users/rjones/.rvm/gems/ruby-2.1.2@global/gems/test-kitchen-1.3.1/lib/kitchen/instance.rb:413:in `block in synchronize_or_call'
E, [2015-02-09T05:38:18.324492 #3379] ERROR -- Kitchen: /Users/rjones/.rvm/gems/ruby-2.1.2@global/gems/test-kitchen-1.3.1/lib/kitchen/instance.rb:411:in `synchronize'
E, [2015-02-09T05:38:18.324521 #3379] ERROR -- Kitchen: /Users/rjones/.rvm/gems/ruby-2.1.2@global/gems/test-kitchen-1.3.1/lib/kitchen/instance.rb:411:in `synchronize_or_call'
E, [2015-02-09T05:38:18.324546 #3379] ERROR -- Kitchen: /Users/rjones/.rvm/gems/ruby-2.1.2@global/gems/test-kitchen-1.3.1/lib/kitchen/instance.rb:381:in `block in action'
E, [2015-02-09T05:38:18.324570 #3379] ERROR -- Kitchen: /Users/rjones/.rvm/rubies/ruby-2.1.2/lib/ruby/2.1.0/benchmark.rb:279:in `measure'
E, [2015-02-09T05:38:18.324595 #3379] ERROR -- Kitchen: /Users/rjones/.rvm/gems/ruby-2.1.2@global/gems/test-kitchen-1.3.1/lib/kitchen/instance.rb:380:in `action'
E, [2015-02-09T05:38:18.324620 #3379] ERROR -- Kitchen: /Users/rjones/.rvm/gems/ruby-2.1.2@global/gems/test-kitchen-1.3.1/lib/kitchen/instance.rb:352:in `perform_action'
E, [2015-02-09T05:38:18.324648 #3379] ERROR -- Kitchen: /Users/rjones/.rvm/gems/ruby-2.1.2@global/gems/test-kitchen-1.3.1/lib/kitchen/instance.rb:339:in `destroy_action'
E, [2015-02-09T05:38:18.324679 #3379] ERROR -- Kitchen: /Users/rjones/.rvm/gems/ruby-2.1.2@global/gems/test-kitchen-1.3.1/lib/kitchen/instance.rb:292:in `block in transition_to'
E, [2015-02-09T05:38:18.324704 #3379] ERROR -- Kitchen: /Users/rjones/.rvm/gems/ruby-2.1.2@global/gems/test-kitchen-1.3.1/lib/kitchen/instance.rb:291:in `each'
E, [2015-02-09T05:38:18.324729 #3379] ERROR -- Kitchen: /Users/rjones/.rvm/gems/ruby-2.1.2@global/gems/test-kitchen-1.3.1/lib/kitchen/instance.rb:291:in `transition_to'
E, [2015-02-09T05:38:18.324757 #3379] ERROR -- Kitchen: /Users/rjones/.rvm/gems/ruby-2.1.2@global/gems/test-kitchen-1.3.1/lib/kitchen/instance.rb:163:in `destroy'
E, [2015-02-09T05:38:18.324783 #3379] ERROR -- Kitchen: /Users/rjones/.rvm/gems/ruby-2.1.2@global/gems/test-kitchen-1.3.1/lib/kitchen/instance.rb:179:in `block in test'
E, [2015-02-09T05:38:18.324835 #3379] ERROR -- Kitchen: /Users/rjones/.rvm/rubies/ruby-2.1.2/lib/ruby/2.1.0/benchmark.rb:279:in `measure'
E, [2015-02-09T05:38:18.324870 #3379] ERROR -- Kitchen: /Users/rjones/.rvm/gems/ruby-2.1.2@global/gems/test-kitchen-1.3.1/lib/kitchen/instance.rb:177:in `test'
E, [2015-02-09T05:38:18.324897 #3379] ERROR -- Kitchen: /Users/rjones/.rvm/gems/ruby-2.1.2@global/gems/test-kitchen-1.3.1/lib/kitchen/command.rb:176:in `public_send'
E, [2015-02-09T05:38:18.324936 #3379] ERROR -- Kitchen: /Users/rjones/.rvm/gems/ruby-2.1.2@global/gems/test-kitchen-1.3.1/lib/kitchen/command.rb:176:in `block (2 levels) in run_action'
E, [2015-02-09T05:38:18.324964 #3379] ERROR -- Kitchen: ----------------------
I, [2015-02-09T05:39:31.281652 #3422]  INFO -- Kitchen: -----> Starting Kitchen (v1.3.1)
I, [2015-02-09T05:39:31.650150 #3422]  INFO -- Kitchen: -----> Cleaning up any prior instances of <default-ubuntu-1410>
I, [2015-02-09T05:39:31.651301 #3422]  INFO -- Kitchen: -----> Destroying <default-ubuntu-1410>...
E, [2015-02-09T05:39:33.806115 #3422] ERROR -- Kitchen: ------Exception-------
E, [2015-02-09T05:39:33.806228 #3422] ERROR -- Kitchen: Class: Kitchen::ActionFailed
E, [2015-02-09T05:39:33.806285 #3422] ERROR -- Kitchen: Message: Failed to complete #destroy action: [Expected process to exit with [0], but received '1'
---- Begin output of vagrant destroy -f ----
STDOUT: 
STDERR: /opt/vagrant/embedded/gems/gems/vagrant-1.7.1/lib/vagrant/environment.rb:492:in `initialize': Permission denied - /Users/rjones/.vagrant.d/data/lock.dotlock.lock (Errno::EACCES)
	from /opt/vagrant/embedded/gems/gems/vagrant-1.7.1/lib/vagrant/environment.rb:492:in `open'
	from /opt/vagrant/embedded/gems/gems/vagrant-1.7.1/lib/vagrant/environment.rb:492:in `block in lock'
	from /opt/vagrant/embedded/gems/gems/vagrant-1.7.1/lib/vagrant/environment.rb:485:in `lock'
	from /opt/vagrant/embedded/gems/gems/vagrant-1.7.1/lib/vagrant/environment.rb:491:in `lock'
	from /opt/vagrant/embedded/gems/gems/vagrant-1.7.1/lib/vagrant/environment.rb:491:in `lock'
	from /opt/vagrant/embedded/gems/gems/vagrant-1.7.1/lib/vagrant/machine.rb:176:in `call'
	from /opt/vagrant/embedded/gems/gems/vagrant-1.7.1/lib/vagrant/machine.rb:176:in `action'
	from /opt/vagrant/embedded/gems/gems/vagrant-1.7.1/plugins/commands/destroy/command.rb:31:in `block in execute'
	from /opt/vagrant/embedded/gems/gems/vagrant-1.7.1/lib/vagrant/plugin/v2/command.rb:226:in `block in with_target_vms'
	from /opt/vagrant/embedded/gems/gems/vagrant-1.7.1/lib/vagrant/plugin/v2/command.rb:220:in `each'
	from /opt/vagrant/embedded/gems/gems/vagrant-1.7.1/lib/vagrant/plugin/v2/command.rb:220:in `with_target_vms'
	from /opt/vagrant/embedded/gems/gems/vagrant-1.7.1/plugins/commands/destroy/command.rb:30:in `execute'
	from /opt/vagrant/embedded/gems/gems/vagrant-1.7.1/lib/vagrant/cli.rb:42:in `execute'
	from /opt/vagrant/embedded/gems/gems/vagrant-1.7.1/lib/vagrant/environment.rb:301:in `cli'
	from /opt/vagrant/bin/../embedded/gems/gems/vagrant-1.7.1/bin/vagrant:174:in `<main>'
---- End output of vagrant destroy -f ----
Ran vagrant destroy -f returned 1]
E, [2015-02-09T05:39:33.806347 #3422] ERROR -- Kitchen: ---Nested Exception---
E, [2015-02-09T05:39:33.806392 #3422] ERROR -- Kitchen: Class: Kitchen::ShellOut::ShellCommandFailed
E, [2015-02-09T05:39:33.806435 #3422] ERROR -- Kitchen: Message: Expected process to exit with [0], but received '1'
---- Begin output of vagrant destroy -f ----
STDOUT: 
STDERR: /opt/vagrant/embedded/gems/gems/vagrant-1.7.1/lib/vagrant/environment.rb:492:in `initialize': Permission denied - /Users/rjones/.vagrant.d/data/lock.dotlock.lock (Errno::EACCES)
	from /opt/vagrant/embedded/gems/gems/vagrant-1.7.1/lib/vagrant/environment.rb:492:in `open'
	from /opt/vagrant/embedded/gems/gems/vagrant-1.7.1/lib/vagrant/environment.rb:492:in `block in lock'
	from /opt/vagrant/embedded/gems/gems/vagrant-1.7.1/lib/vagrant/environment.rb:485:in `lock'
	from /opt/vagrant/embedded/gems/gems/vagrant-1.7.1/lib/vagrant/environment.rb:491:in `lock'
	from /opt/vagrant/embedded/gems/gems/vagrant-1.7.1/lib/vagrant/environment.rb:491:in `lock'
	from /opt/vagrant/embedded/gems/gems/vagrant-1.7.1/lib/vagrant/machine.rb:176:in `call'
	from /opt/vagrant/embedded/gems/gems/vagrant-1.7.1/lib/vagrant/machine.rb:176:in `action'
	from /opt/vagrant/embedded/gems/gems/vagrant-1.7.1/plugins/commands/destroy/command.rb:31:in `block in execute'
	from /opt/vagrant/embedded/gems/gems/vagrant-1.7.1/lib/vagrant/plugin/v2/command.rb:226:in `block in with_target_vms'
	from /opt/vagrant/embedded/gems/gems/vagrant-1.7.1/lib/vagrant/plugin/v2/command.rb:220:in `each'
	from /opt/vagrant/embedded/gems/gems/vagrant-1.7.1/lib/vagrant/plugin/v2/command.rb:220:in `with_target_vms'
	from /opt/vagrant/embedded/gems/gems/vagrant-1.7.1/plugins/commands/destroy/command.rb:30:in `execute'
	from /opt/vagrant/embedded/gems/gems/vagrant-1.7.1/lib/vagrant/cli.rb:42:in `execute'
	from /opt/vagrant/embedded/gems/gems/vagrant-1.7.1/lib/vagrant/environment.rb:301:in `cli'
	from /opt/vagrant/bin/../embedded/gems/gems/vagrant-1.7.1/bin/vagrant:174:in `<main>'
---- End output of vagrant destroy -f ----
Ran vagrant destroy -f returned 1
E, [2015-02-09T05:39:33.806512 #3422] ERROR -- Kitchen: ------Backtrace-------
E, [2015-02-09T05:39:33.806561 #3422] ERROR -- Kitchen: /Users/rjones/.rvm/gems/ruby-2.1.2@global/gems/test-kitchen-1.3.1/lib/kitchen/shell_out.rb:69:in `rescue in run_command'
E, [2015-02-09T05:39:33.806606 #3422] ERROR -- Kitchen: /Users/rjones/.rvm/gems/ruby-2.1.2@global/gems/test-kitchen-1.3.1/lib/kitchen/shell_out.rb:59:in `run_command'
E, [2015-02-09T05:39:33.806651 #3422] ERROR -- Kitchen: /Users/rjones/.rvm/gems/ruby-2.1.2@global/gems/test-kitchen-1.3.1/lib/kitchen/driver/base.rb:182:in `run_command'
E, [2015-02-09T05:39:33.806695 #3422] ERROR -- Kitchen: /Users/rjones/.rvm/gems/ruby-2.1.2@global/gems/kitchen-vagrant-0.15.0/lib/kitchen/driver/vagrant.rb:123:in `run'
E, [2015-02-09T05:39:33.806764 #3422] ERROR -- Kitchen: /Users/rjones/.rvm/gems/ruby-2.1.2@global/gems/kitchen-vagrant-0.15.0/lib/kitchen/driver/vagrant.rb:93:in `destroy'
E, [2015-02-09T05:39:33.806814 #3422] ERROR -- Kitchen: /Users/rjones/.rvm/gems/ruby-2.1.2@global/gems/test-kitchen-1.3.1/lib/kitchen/instance.rb:352:in `public_send'
E, [2015-02-09T05:39:33.806857 #3422] ERROR -- Kitchen: /Users/rjones/.rvm/gems/ruby-2.1.2@global/gems/test-kitchen-1.3.1/lib/kitchen/instance.rb:352:in `block in perform_action'
E, [2015-02-09T05:39:33.806895 #3422] ERROR -- Kitchen: /Users/rjones/.rvm/gems/ruby-2.1.2@global/gems/test-kitchen-1.3.1/lib/kitchen/instance.rb:413:in `call'
E, [2015-02-09T05:39:33.806931 #3422] ERROR -- Kitchen: /Users/rjones/.rvm/gems/ruby-2.1.2@global/gems/test-kitchen-1.3.1/lib/kitchen/instance.rb:413:in `block in synchronize_or_call'
E, [2015-02-09T05:39:33.806967 #3422] ERROR -- Kitchen: /Users/rjones/.rvm/gems/ruby-2.1.2@global/gems/test-kitchen-1.3.1/lib/kitchen/instance.rb:411:in `synchronize'
E, [2015-02-09T05:39:33.807003 #3422] ERROR -- Kitchen: /Users/rjones/.rvm/gems/ruby-2.1.2@global/gems/test-kitchen-1.3.1/lib/kitchen/instance.rb:411:in `synchronize_or_call'
E, [2015-02-09T05:39:33.807040 #3422] ERROR -- Kitchen: /Users/rjones/.rvm/gems/ruby-2.1.2@global/gems/test-kitchen-1.3.1/lib/kitchen/instance.rb:381:in `block in action'
E, [2015-02-09T05:39:33.807114 #3422] ERROR -- Kitchen: /Users/rjones/.rvm/rubies/ruby-2.1.2/lib/ruby/2.1.0/benchmark.rb:279:in `measure'
E, [2015-02-09T05:39:33.807179 #3422] ERROR -- Kitchen: /Users/rjones/.rvm/gems/ruby-2.1.2@global/gems/test-kitchen-1.3.1/lib/kitchen/instance.rb:380:in `action'
E, [2015-02-09T05:39:33.807231 #3422] ERROR -- Kitchen: /Users/rjones/.rvm/gems/ruby-2.1.2@global/gems/test-kitchen-1.3.1/lib/kitchen/instance.rb:352:in `perform_action'
E, [2015-02-09T05:39:33.807280 #3422] ERROR -- Kitchen: /Users/rjones/.rvm/gems/ruby-2.1.2@global/gems/test-kitchen-1.3.1/lib/kitchen/instance.rb:339:in `destroy_action'
E, [2015-02-09T05:39:33.807326 #3422] ERROR -- Kitchen: /Users/rjones/.rvm/gems/ruby-2.1.2@global/gems/test-kitchen-1.3.1/lib/kitchen/instance.rb:292:in `block in transition_to'
E, [2015-02-09T05:39:33.807374 #3422] ERROR -- Kitchen: /Users/rjones/.rvm/gems/ruby-2.1.2@global/gems/test-kitchen-1.3.1/lib/kitchen/instance.rb:291:in `each'
E, [2015-02-09T05:39:33.807418 #3422] ERROR -- Kitchen: /Users/rjones/.rvm/gems/ruby-2.1.2@global/gems/test-kitchen-1.3.1/lib/kitchen/instance.rb:291:in `transition_to'
E, [2015-02-09T05:39:33.807472 #3422] ERROR -- Kitchen: /Users/rjones/.rvm/gems/ruby-2.1.2@global/gems/test-kitchen-1.3.1/lib/kitchen/instance.rb:163:in `destroy'
E, [2015-02-09T05:39:33.807590 #3422] ERROR -- Kitchen: /Users/rjones/.rvm/gems/ruby-2.1.2@global/gems/test-kitchen-1.3.1/lib/kitchen/instance.rb:179:in `block in test'
E, [2015-02-09T05:39:33.807710 #3422] ERROR -- Kitchen: /Users/rjones/.rvm/rubies/ruby-2.1.2/lib/ruby/2.1.0/benchmark.rb:279:in `measure'
E, [2015-02-09T05:39:33.807758 #3422] ERROR -- Kitchen: /Users/rjones/.rvm/gems/ruby-2.1.2@global/gems/test-kitchen-1.3.1/lib/kitchen/instance.rb:177:in `test'
E, [2015-02-09T05:39:33.807798 #3422] ERROR -- Kitchen: /Users/rjones/.rvm/gems/ruby-2.1.2@global/gems/test-kitchen-1.3.1/lib/kitchen/command.rb:176:in `public_send'
E, [2015-02-09T05:39:33.807829 #3422] ERROR -- Kitchen: /Users/rjones/.rvm/gems/ruby-2.1.2@global/gems/test-kitchen-1.3.1/lib/kitchen/command.rb:176:in `block (2 levels) in run_action'
E, [2015-02-09T05:39:33.807861 #3422] ERROR -- Kitchen: ----------------------
I, [2015-02-09T05:40:01.893716 #3447]  INFO -- Kitchen: -----> Starting Kitchen (v1.3.1)
I, [2015-02-09T05:40:02.289202 #3447]  INFO -- Kitchen: -----> Cleaning up any prior instances of <default-ubuntu-1410>
I, [2015-02-09T05:40:02.290612 #3447]  INFO -- Kitchen: -----> Destroying <default-ubuntu-1410>...
I, [2015-02-09T05:40:04.894872 #3447]  INFO -- Kitchen: -----> Testing <default-ubuntu-1410>
I, [2015-02-09T05:40:04.895144 #3447]  INFO -- Kitchen: -----> Creating <default-ubuntu-1410>...
I, [2015-02-09T05:58:24.400017 #3804]  INFO -- Kitchen: -----> Starting Kitchen (v1.3.1)
I, [2015-02-09T05:58:25.037500 #3804]  INFO -- Kitchen: -----> Cleaning up any prior instances of <default-centos-70>
I, [2015-02-09T05:58:25.037752 #3804]  INFO -- Kitchen: -----> Destroying <default-centos-70>...
I, [2015-02-09T05:58:25.039234 #3804]  INFO -- Kitchen: -----> Testing <default-centos-70>
I, [2015-02-09T05:58:25.039414 #3804]  INFO -- Kitchen: -----> Creating <default-centos-70>...
I, [2015-02-09T06:01:51.845866 #3804]  INFO -- Kitchen: -----> Converging <default-centos-70>...
E, [2015-02-09T06:01:51.856907 #3804] ERROR -- Kitchen: ------Exception-------
E, [2015-02-09T06:01:51.857002 #3804] ERROR -- Kitchen: Class: Kitchen::ActionFailed
E, [2015-02-09T06:01:51.857043 #3804] ERROR -- Kitchen: Message: Failed to complete #converge action: [No such file or directory]
E, [2015-02-09T06:01:51.857088 #3804] ERROR -- Kitchen: ---Nested Exception---
E, [2015-02-09T06:01:51.857129 #3804] ERROR -- Kitchen: Class: Errno::ENOENT
E, [2015-02-09T06:01:51.857169 #3804] ERROR -- Kitchen: Message: No such file or directory
E, [2015-02-09T06:01:51.857207 #3804] ERROR -- Kitchen: ------Backtrace-------
E, [2015-02-09T06:01:51.857243 #3804] ERROR -- Kitchen: /Users/rjones/.rvm/rubies/ruby-2.1.2/lib/ruby/2.1.0/find.rb:42:in `block in find'
E, [2015-02-09T06:01:51.857282 #3804] ERROR -- Kitchen: /Users/rjones/.rvm/rubies/ruby-2.1.2/lib/ruby/2.1.0/find.rb:42:in `collect!'
E, [2015-02-09T06:01:51.857320 #3804] ERROR -- Kitchen: /Users/rjones/.rvm/rubies/ruby-2.1.2/lib/ruby/2.1.0/find.rb:42:in `find'
E, [2015-02-09T06:01:51.857362 #3804] ERROR -- Kitchen: /Users/rjones/.rvm/rubies/ruby-2.1.2/lib/ruby/gems/2.1.0/gems/kitchen-salt-0.0.19/lib/kitchen/provisioner/salt_solo.rb:409:in `block in cp_r_with_filter'
E, [2015-02-09T06:01:51.857414 #3804] ERROR -- Kitchen: /Users/rjones/.rvm/rubies/ruby-2.1.2/lib/ruby/gems/2.1.0/gems/kitchen-salt-0.0.19/lib/kitchen/provisioner/salt_solo.rb:408:in `each'
E, [2015-02-09T06:01:51.857490 #3804] ERROR -- Kitchen: /Users/rjones/.rvm/rubies/ruby-2.1.2/lib/ruby/gems/2.1.0/gems/kitchen-salt-0.0.19/lib/kitchen/provisioner/salt_solo.rb:408:in `cp_r_with_filter'
E, [2015-02-09T06:01:51.857530 #3804] ERROR -- Kitchen: /Users/rjones/.rvm/rubies/ruby-2.1.2/lib/ruby/gems/2.1.0/gems/kitchen-salt-0.0.19/lib/kitchen/provisioner/salt_solo.rb:362:in `prepare_formula'
E, [2015-02-09T06:01:51.857580 #3804] ERROR -- Kitchen: /Users/rjones/.rvm/rubies/ruby-2.1.2/lib/ruby/gems/2.1.0/gems/kitchen-salt-0.0.19/lib/kitchen/provisioner/salt_solo.rb:158:in `create_sandbox'
E, [2015-02-09T06:01:51.857624 #3804] ERROR -- Kitchen: /Users/rjones/.rvm/rubies/ruby-2.1.2/lib/ruby/gems/2.1.0/gems/test-kitchen-1.3.1/lib/kitchen/driver/ssh_base.rb:42:in `converge'
E, [2015-02-09T06:01:51.857695 #3804] ERROR -- Kitchen: /Users/rjones/.rvm/rubies/ruby-2.1.2/lib/ruby/gems/2.1.0/gems/kitchen-vagrant-0.15.0/lib/kitchen/driver/vagrant.rb:75:in `converge'
E, [2015-02-09T06:01:51.857759 #3804] ERROR -- Kitchen: /Users/rjones/.rvm/rubies/ruby-2.1.2/lib/ruby/gems/2.1.0/gems/test-kitchen-1.3.1/lib/kitchen/instance.rb:352:in `public_send'
E, [2015-02-09T06:01:51.857808 #3804] ERROR -- Kitchen: /Users/rjones/.rvm/rubies/ruby-2.1.2/lib/ruby/gems/2.1.0/gems/test-kitchen-1.3.1/lib/kitchen/instance.rb:352:in `block in perform_action'
E, [2015-02-09T06:01:51.857854 #3804] ERROR -- Kitchen: /Users/rjones/.rvm/rubies/ruby-2.1.2/lib/ruby/gems/2.1.0/gems/test-kitchen-1.3.1/lib/kitchen/instance.rb:416:in `call'
E, [2015-02-09T06:01:51.857923 #3804] ERROR -- Kitchen: /Users/rjones/.rvm/rubies/ruby-2.1.2/lib/ruby/gems/2.1.0/gems/test-kitchen-1.3.1/lib/kitchen/instance.rb:416:in `synchronize_or_call'
E, [2015-02-09T06:01:51.857980 #3804] ERROR -- Kitchen: /Users/rjones/.rvm/rubies/ruby-2.1.2/lib/ruby/gems/2.1.0/gems/test-kitchen-1.3.1/lib/kitchen/instance.rb:381:in `block in action'
E, [2015-02-09T06:01:51.858032 #3804] ERROR -- Kitchen: /Users/rjones/.rvm/rubies/ruby-2.1.2/lib/ruby/2.1.0/benchmark.rb:279:in `measure'
E, [2015-02-09T06:01:51.858079 #3804] ERROR -- Kitchen: /Users/rjones/.rvm/rubies/ruby-2.1.2/lib/ruby/gems/2.1.0/gems/test-kitchen-1.3.1/lib/kitchen/instance.rb:380:in `action'
E, [2015-02-09T06:01:51.858126 #3804] ERROR -- Kitchen: /Users/rjones/.rvm/rubies/ruby-2.1.2/lib/ruby/gems/2.1.0/gems/test-kitchen-1.3.1/lib/kitchen/instance.rb:352:in `perform_action'
E, [2015-02-09T06:01:51.858181 #3804] ERROR -- Kitchen: /Users/rjones/.rvm/rubies/ruby-2.1.2/lib/ruby/gems/2.1.0/gems/test-kitchen-1.3.1/lib/kitchen/instance.rb:312:in `converge_action'
E, [2015-02-09T06:01:51.858235 #3804] ERROR -- Kitchen: /Users/rjones/.rvm/rubies/ruby-2.1.2/lib/ruby/gems/2.1.0/gems/test-kitchen-1.3.1/lib/kitchen/instance.rb:292:in `block in transition_to'
E, [2015-02-09T06:01:51.858281 #3804] ERROR -- Kitchen: /Users/rjones/.rvm/rubies/ruby-2.1.2/lib/ruby/gems/2.1.0/gems/test-kitchen-1.3.1/lib/kitchen/instance.rb:291:in `each'
E, [2015-02-09T06:01:51.858328 #3804] ERROR -- Kitchen: /Users/rjones/.rvm/rubies/ruby-2.1.2/lib/ruby/gems/2.1.0/gems/test-kitchen-1.3.1/lib/kitchen/instance.rb:291:in `transition_to'
E, [2015-02-09T06:01:51.858373 #3804] ERROR -- Kitchen: /Users/rjones/.rvm/rubies/ruby-2.1.2/lib/ruby/gems/2.1.0/gems/test-kitchen-1.3.1/lib/kitchen/instance.rb:152:in `verify'
E, [2015-02-09T06:01:51.858419 #3804] ERROR -- Kitchen: /Users/rjones/.rvm/rubies/ruby-2.1.2/lib/ruby/gems/2.1.0/gems/test-kitchen-1.3.1/lib/kitchen/instance.rb:181:in `block in test'
E, [2015-02-09T06:01:51.858466 #3804] ERROR -- Kitchen: /Users/rjones/.rvm/rubies/ruby-2.1.2/lib/ruby/2.1.0/benchmark.rb:279:in `measure'
E, [2015-02-09T06:01:51.858512 #3804] ERROR -- Kitchen: /Users/rjones/.rvm/rubies/ruby-2.1.2/lib/ruby/gems/2.1.0/gems/test-kitchen-1.3.1/lib/kitchen/instance.rb:177:in `test'
E, [2015-02-09T06:01:51.858557 #3804] ERROR -- Kitchen: /Users/rjones/.rvm/rubies/ruby-2.1.2/lib/ruby/gems/2.1.0/gems/test-kitchen-1.3.1/lib/kitchen/command.rb:176:in `public_send'
E, [2015-02-09T06:01:51.858603 #3804] ERROR -- Kitchen: /Users/rjones/.rvm/rubies/ruby-2.1.2/lib/ruby/gems/2.1.0/gems/test-kitchen-1.3.1/lib/kitchen/command.rb:176:in `block (2 levels) in run_action'
E, [2015-02-09T06:01:51.858655 #3804] ERROR -- Kitchen: ----------------------
I, [2015-02-09T19:04:29.169955 #15590]  INFO -- Kitchen: -----> Starting Kitchen (v1.3.1)
I, [2015-02-09T19:04:29.544508 #15590]  INFO -- Kitchen: -----> Creating <mariadb-spec-centos-70>...
I, [2015-02-09T19:08:10.889246 #15590]  INFO -- Kitchen: -----> Converging <mariadb-spec-centos-70>...
E, [2015-02-09T19:08:10.911855 #15590] ERROR -- Kitchen: ------Exception-------
E, [2015-02-09T19:08:10.911937 #15590] ERROR -- Kitchen: Class: Kitchen::ActionFailed
E, [2015-02-09T19:08:10.912005 #15590] ERROR -- Kitchen: Message: Failed to complete #converge action: [No such file or directory]
E, [2015-02-09T19:08:10.912064 #15590] ERROR -- Kitchen: ---Nested Exception---
E, [2015-02-09T19:08:10.912097 #15590] ERROR -- Kitchen: Class: Errno::ENOENT
E, [2015-02-09T19:08:10.912122 #15590] ERROR -- Kitchen: Message: No such file or directory
E, [2015-02-09T19:08:10.912145 #15590] ERROR -- Kitchen: ------Backtrace-------
E, [2015-02-09T19:08:10.912171 #15590] ERROR -- Kitchen: /Users/rjones/.rvm/rubies/ruby-2.2.0/lib/ruby/2.2.0/find.rb:42:in `block in find'
E, [2015-02-09T19:08:10.912198 #15590] ERROR -- Kitchen: /Users/rjones/.rvm/rubies/ruby-2.2.0/lib/ruby/2.2.0/find.rb:42:in `collect!'
E, [2015-02-09T19:08:10.912228 #15590] ERROR -- Kitchen: /Users/rjones/.rvm/rubies/ruby-2.2.0/lib/ruby/2.2.0/find.rb:42:in `find'
E, [2015-02-09T19:08:10.912249 #15590] ERROR -- Kitchen: /Users/rjones/.rvm/gems/ruby-2.2.0@global/gems/kitchen-salt-0.0.19/lib/kitchen/provisioner/salt_solo.rb:409:in `block in cp_r_with_filter'
E, [2015-02-09T19:08:10.912269 #15590] ERROR -- Kitchen: /Users/rjones/.rvm/gems/ruby-2.2.0@global/gems/kitchen-salt-0.0.19/lib/kitchen/provisioner/salt_solo.rb:408:in `each'
E, [2015-02-09T19:08:10.912296 #15590] ERROR -- Kitchen: /Users/rjones/.rvm/gems/ruby-2.2.0@global/gems/kitchen-salt-0.0.19/lib/kitchen/provisioner/salt_solo.rb:408:in `cp_r_with_filter'
E, [2015-02-09T19:08:10.912320 #15590] ERROR -- Kitchen: /Users/rjones/.rvm/gems/ruby-2.2.0@global/gems/kitchen-salt-0.0.19/lib/kitchen/provisioner/salt_solo.rb:362:in `prepare_formula'
E, [2015-02-09T19:08:10.912345 #15590] ERROR -- Kitchen: /Users/rjones/.rvm/gems/ruby-2.2.0@global/gems/kitchen-salt-0.0.19/lib/kitchen/provisioner/salt_solo.rb:158:in `create_sandbox'
E, [2015-02-09T19:08:10.912392 #15590] ERROR -- Kitchen: /Users/rjones/.rvm/gems/ruby-2.2.0@global/gems/test-kitchen-1.3.1/lib/kitchen/driver/ssh_base.rb:42:in `converge'
E, [2015-02-09T19:08:10.912493 #15590] ERROR -- Kitchen: /Users/rjones/.rvm/gems/ruby-2.2.0/gems/kitchen-vagrant-0.15.0/lib/kitchen/driver/vagrant.rb:75:in `converge'
E, [2015-02-09T19:08:10.912514 #15590] ERROR -- Kitchen: /Users/rjones/.rvm/gems/ruby-2.2.0@global/gems/test-kitchen-1.3.1/lib/kitchen/instance.rb:352:in `public_send'
E, [2015-02-09T19:08:10.912536 #15590] ERROR -- Kitchen: /Users/rjones/.rvm/gems/ruby-2.2.0@global/gems/test-kitchen-1.3.1/lib/kitchen/instance.rb:352:in `block in perform_action'
E, [2015-02-09T19:08:10.912560 #15590] ERROR -- Kitchen: /Users/rjones/.rvm/gems/ruby-2.2.0@global/gems/test-kitchen-1.3.1/lib/kitchen/instance.rb:416:in `call'
E, [2015-02-09T19:08:10.912583 #15590] ERROR -- Kitchen: /Users/rjones/.rvm/gems/ruby-2.2.0@global/gems/test-kitchen-1.3.1/lib/kitchen/instance.rb:416:in `synchronize_or_call'
E, [2015-02-09T19:08:10.912605 #15590] ERROR -- Kitchen: /Users/rjones/.rvm/gems/ruby-2.2.0@global/gems/test-kitchen-1.3.1/lib/kitchen/instance.rb:381:in `block in action'
E, [2015-02-09T19:08:10.912625 #15590] ERROR -- Kitchen: /Users/rjones/.rvm/rubies/ruby-2.2.0/lib/ruby/2.2.0/benchmark.rb:288:in `measure'
E, [2015-02-09T19:08:10.912646 #15590] ERROR -- Kitchen: /Users/rjones/.rvm/gems/ruby-2.2.0@global/gems/test-kitchen-1.3.1/lib/kitchen/instance.rb:380:in `action'
E, [2015-02-09T19:08:10.912667 #15590] ERROR -- Kitchen: /Users/rjones/.rvm/gems/ruby-2.2.0@global/gems/test-kitchen-1.3.1/lib/kitchen/instance.rb:352:in `perform_action'
E, [2015-02-09T19:08:10.912690 #15590] ERROR -- Kitchen: /Users/rjones/.rvm/gems/ruby-2.2.0@global/gems/test-kitchen-1.3.1/lib/kitchen/instance.rb:312:in `converge_action'
E, [2015-02-09T19:08:10.912727 #15590] ERROR -- Kitchen: /Users/rjones/.rvm/gems/ruby-2.2.0@global/gems/test-kitchen-1.3.1/lib/kitchen/instance.rb:292:in `block in transition_to'
E, [2015-02-09T19:08:10.912756 #15590] ERROR -- Kitchen: /Users/rjones/.rvm/gems/ruby-2.2.0@global/gems/test-kitchen-1.3.1/lib/kitchen/instance.rb:291:in `each'
E, [2015-02-09T19:08:10.912779 #15590] ERROR -- Kitchen: /Users/rjones/.rvm/gems/ruby-2.2.0@global/gems/test-kitchen-1.3.1/lib/kitchen/instance.rb:291:in `transition_to'
E, [2015-02-09T19:08:10.912822 #15590] ERROR -- Kitchen: /Users/rjones/.rvm/gems/ruby-2.2.0@global/gems/test-kitchen-1.3.1/lib/kitchen/instance.rb:130:in `converge'
E, [2015-02-09T19:08:10.912869 #15590] ERROR -- Kitchen: /Users/rjones/.rvm/gems/ruby-2.2.0@global/gems/test-kitchen-1.3.1/lib/kitchen/command.rb:176:in `public_send'
E, [2015-02-09T19:08:10.912898 #15590] ERROR -- Kitchen: /Users/rjones/.rvm/gems/ruby-2.2.0@global/gems/test-kitchen-1.3.1/lib/kitchen/command.rb:176:in `block (2 levels) in run_action'
E, [2015-02-09T19:08:10.912921 #15590] ERROR -- Kitchen: ----------------------
I, [2015-02-09T19:11:47.550769 #15866]  INFO -- Kitchen: -----> Starting Kitchen (v1.3.1)
I, [2015-02-09T19:11:47.912769 #15866]  INFO -- Kitchen: -----> Creating <default-centos-70>...
I, [2015-02-09T19:12:33.617065 #15866]  INFO -- Kitchen: -----> Converging <default-centos-70>...
E, [2015-02-09T19:12:33.625650 #15866] ERROR -- Kitchen: ------Exception-------
E, [2015-02-09T19:12:33.625706 #15866] ERROR -- Kitchen: Class: Kitchen::ActionFailed
E, [2015-02-09T19:12:33.625733 #15866] ERROR -- Kitchen: Message: Failed to complete #converge action: [No such file or directory]
E, [2015-02-09T19:12:33.625780 #15866] ERROR -- Kitchen: ---Nested Exception---
E, [2015-02-09T19:12:33.625802 #15866] ERROR -- Kitchen: Class: Errno::ENOENT
E, [2015-02-09T19:12:33.625820 #15866] ERROR -- Kitchen: Message: No such file or directory
E, [2015-02-09T19:12:33.625839 #15866] ERROR -- Kitchen: ------Backtrace-------
E, [2015-02-09T19:12:33.625858 #15866] ERROR -- Kitchen: /Users/rjones/.rvm/rubies/ruby-2.2.0/lib/ruby/2.2.0/find.rb:42:in `block in find'
E, [2015-02-09T19:12:33.625879 #15866] ERROR -- Kitchen: /Users/rjones/.rvm/rubies/ruby-2.2.0/lib/ruby/2.2.0/find.rb:42:in `collect!'
E, [2015-02-09T19:12:33.625899 #15866] ERROR -- Kitchen: /Users/rjones/.rvm/rubies/ruby-2.2.0/lib/ruby/2.2.0/find.rb:42:in `find'
E, [2015-02-09T19:12:33.625924 #15866] ERROR -- Kitchen: /Users/rjones/.rvm/gems/ruby-2.2.0@global/gems/kitchen-salt-0.0.19/lib/kitchen/provisioner/salt_solo.rb:409:in `block in cp_r_with_filter'
E, [2015-02-09T19:12:33.625947 #15866] ERROR -- Kitchen: /Users/rjones/.rvm/gems/ruby-2.2.0@global/gems/kitchen-salt-0.0.19/lib/kitchen/provisioner/salt_solo.rb:408:in `each'
E, [2015-02-09T19:12:33.625970 #15866] ERROR -- Kitchen: /Users/rjones/.rvm/gems/ruby-2.2.0@global/gems/kitchen-salt-0.0.19/lib/kitchen/provisioner/salt_solo.rb:408:in `cp_r_with_filter'
E, [2015-02-09T19:12:33.625994 #15866] ERROR -- Kitchen: /Users/rjones/.rvm/gems/ruby-2.2.0@global/gems/kitchen-salt-0.0.19/lib/kitchen/provisioner/salt_solo.rb:362:in `prepare_formula'
E, [2015-02-09T19:12:33.626017 #15866] ERROR -- Kitchen: /Users/rjones/.rvm/gems/ruby-2.2.0@global/gems/kitchen-salt-0.0.19/lib/kitchen/provisioner/salt_solo.rb:158:in `create_sandbox'
E, [2015-02-09T19:12:33.626039 #15866] ERROR -- Kitchen: /Users/rjones/.rvm/gems/ruby-2.2.0@global/gems/test-kitchen-1.3.1/lib/kitchen/driver/ssh_base.rb:42:in `converge'
E, [2015-02-09T19:12:33.626114 #15866] ERROR -- Kitchen: /Users/rjones/.rvm/gems/ruby-2.2.0/gems/kitchen-vagrant-0.15.0/lib/kitchen/driver/vagrant.rb:75:in `converge'
E, [2015-02-09T19:12:33.626148 #15866] ERROR -- Kitchen: /Users/rjones/.rvm/gems/ruby-2.2.0@global/gems/test-kitchen-1.3.1/lib/kitchen/instance.rb:352:in `public_send'
E, [2015-02-09T19:12:33.626172 #15866] ERROR -- Kitchen: /Users/rjones/.rvm/gems/ruby-2.2.0@global/gems/test-kitchen-1.3.1/lib/kitchen/instance.rb:352:in `block in perform_action'
E, [2015-02-09T19:12:33.626195 #15866] ERROR -- Kitchen: /Users/rjones/.rvm/gems/ruby-2.2.0@global/gems/test-kitchen-1.3.1/lib/kitchen/instance.rb:416:in `call'
E, [2015-02-09T19:12:33.626422 #15866] ERROR -- Kitchen: /Users/rjones/.rvm/gems/ruby-2.2.0@global/gems/test-kitchen-1.3.1/lib/kitchen/instance.rb:416:in `synchronize_or_call'
E, [2015-02-09T19:12:33.626462 #15866] ERROR -- Kitchen: /Users/rjones/.rvm/gems/ruby-2.2.0@global/gems/test-kitchen-1.3.1/lib/kitchen/instance.rb:381:in `block in action'
E, [2015-02-09T19:12:33.626489 #15866] ERROR -- Kitchen: /Users/rjones/.rvm/rubies/ruby-2.2.0/lib/ruby/2.2.0/benchmark.rb:288:in `measure'
E, [2015-02-09T19:12:33.626535 #15866] ERROR -- Kitchen: /Users/rjones/.rvm/gems/ruby-2.2.0@global/gems/test-kitchen-1.3.1/lib/kitchen/instance.rb:380:in `action'
E, [2015-02-09T19:12:33.626562 #15866] ERROR -- Kitchen: /Users/rjones/.rvm/gems/ruby-2.2.0@global/gems/test-kitchen-1.3.1/lib/kitchen/instance.rb:352:in `perform_action'
E, [2015-02-09T19:12:33.626584 #15866] ERROR -- Kitchen: /Users/rjones/.rvm/gems/ruby-2.2.0@global/gems/test-kitchen-1.3.1/lib/kitchen/instance.rb:312:in `converge_action'
E, [2015-02-09T19:12:33.626608 #15866] ERROR -- Kitchen: /Users/rjones/.rvm/gems/ruby-2.2.0@global/gems/test-kitchen-1.3.1/lib/kitchen/instance.rb:292:in `block in transition_to'
E, [2015-02-09T19:12:33.626629 #15866] ERROR -- Kitchen: /Users/rjones/.rvm/gems/ruby-2.2.0@global/gems/test-kitchen-1.3.1/lib/kitchen/instance.rb:291:in `each'
E, [2015-02-09T19:12:33.626649 #15866] ERROR -- Kitchen: /Users/rjones/.rvm/gems/ruby-2.2.0@global/gems/test-kitchen-1.3.1/lib/kitchen/instance.rb:291:in `transition_to'
E, [2015-02-09T19:12:33.626675 #15866] ERROR -- Kitchen: /Users/rjones/.rvm/gems/ruby-2.2.0@global/gems/test-kitchen-1.3.1/lib/kitchen/instance.rb:130:in `converge'
E, [2015-02-09T19:12:33.626700 #15866] ERROR -- Kitchen: /Users/rjones/.rvm/gems/ruby-2.2.0@global/gems/test-kitchen-1.3.1/lib/kitchen/command.rb:176:in `public_send'
E, [2015-02-09T19:12:33.626725 #15866] ERROR -- Kitchen: /Users/rjones/.rvm/gems/ruby-2.2.0@global/gems/test-kitchen-1.3.1/lib/kitchen/command.rb:176:in `block (2 levels) in run_action'
E, [2015-02-09T19:12:33.626748 #15866] ERROR -- Kitchen: ----------------------
I, [2015-02-09T19:18:32.601827 #15991]  INFO -- Kitchen: -----> Starting Kitchen (v1.3.1)
I, [2015-02-09T19:18:32.890173 #15991]  INFO -- Kitchen: -----> Cleaning up any prior instances of <default-centos-70>
I, [2015-02-09T19:18:32.890880 #15991]  INFO -- Kitchen: -----> Destroying <default-centos-70>...
I, [2015-02-09T19:18:36.901594 #15991]  INFO -- Kitchen: -----> Testing <default-centos-70>
I, [2015-02-09T19:18:36.901820 #15991]  INFO -- Kitchen: -----> Creating <default-centos-70>...
I, [2015-02-09T19:19:21.679600 #15991]  INFO -- Kitchen: -----> Converging <default-centos-70>...
E, [2015-02-09T19:19:21.686422 #15991] ERROR -- Kitchen: ------Exception-------
E, [2015-02-09T19:19:21.686478 #15991] ERROR -- Kitchen: Class: Kitchen::ActionFailed
E, [2015-02-09T19:19:21.686512 #15991] ERROR -- Kitchen: Message: Failed to complete #converge action: [No such file or directory]
E, [2015-02-09T19:19:21.686548 #15991] ERROR -- Kitchen: ---Nested Exception---
E, [2015-02-09T19:19:21.686579 #15991] ERROR -- Kitchen: Class: Errno::ENOENT
E, [2015-02-09T19:19:21.686613 #15991] ERROR -- Kitchen: Message: No such file or directory
E, [2015-02-09T19:19:21.686647 #15991] ERROR -- Kitchen: ------Backtrace-------
E, [2015-02-09T19:19:21.686672 #15991] ERROR -- Kitchen: /Users/rjones/.rvm/rubies/ruby-2.2.0/lib/ruby/2.2.0/find.rb:42:in `block in find'
E, [2015-02-09T19:19:21.686704 #15991] ERROR -- Kitchen: /Users/rjones/.rvm/rubies/ruby-2.2.0/lib/ruby/2.2.0/find.rb:42:in `collect!'
E, [2015-02-09T19:19:21.686735 #15991] ERROR -- Kitchen: /Users/rjones/.rvm/rubies/ruby-2.2.0/lib/ruby/2.2.0/find.rb:42:in `find'
E, [2015-02-09T19:19:21.686761 #15991] ERROR -- Kitchen: /Users/rjones/.rvm/gems/ruby-2.2.0@global/gems/kitchen-salt-0.0.19/lib/kitchen/provisioner/salt_solo.rb:409:in `block in cp_r_with_filter'
E, [2015-02-09T19:19:21.686938 #15991] ERROR -- Kitchen: /Users/rjones/.rvm/gems/ruby-2.2.0@global/gems/kitchen-salt-0.0.19/lib/kitchen/provisioner/salt_solo.rb:408:in `each'
E, [2015-02-09T19:19:21.686968 #15991] ERROR -- Kitchen: /Users/rjones/.rvm/gems/ruby-2.2.0@global/gems/kitchen-salt-0.0.19/lib/kitchen/provisioner/salt_solo.rb:408:in `cp_r_with_filter'
E, [2015-02-09T19:19:21.686996 #15991] ERROR -- Kitchen: /Users/rjones/.rvm/gems/ruby-2.2.0@global/gems/kitchen-salt-0.0.19/lib/kitchen/provisioner/salt_solo.rb:362:in `prepare_formula'
E, [2015-02-09T19:19:21.687038 #15991] ERROR -- Kitchen: /Users/rjones/.rvm/gems/ruby-2.2.0@global/gems/kitchen-salt-0.0.19/lib/kitchen/provisioner/salt_solo.rb:158:in `create_sandbox'
E, [2015-02-09T19:19:21.687065 #15991] ERROR -- Kitchen: /Users/rjones/.rvm/gems/ruby-2.2.0@global/gems/test-kitchen-1.3.1/lib/kitchen/driver/ssh_base.rb:42:in `converge'
E, [2015-02-09T19:19:21.687254 #15991] ERROR -- Kitchen: /Users/rjones/.rvm/gems/ruby-2.2.0/gems/kitchen-vagrant-0.15.0/lib/kitchen/driver/vagrant.rb:75:in `converge'
E, [2015-02-09T19:19:21.687294 #15991] ERROR -- Kitchen: /Users/rjones/.rvm/gems/ruby-2.2.0@global/gems/test-kitchen-1.3.1/lib/kitchen/instance.rb:352:in `public_send'
E, [2015-02-09T19:19:21.687322 #15991] ERROR -- Kitchen: /Users/rjones/.rvm/gems/ruby-2.2.0@global/gems/test-kitchen-1.3.1/lib/kitchen/instance.rb:352:in `block in perform_action'
E, [2015-02-09T19:19:21.687348 #15991] ERROR -- Kitchen: /Users/rjones/.rvm/gems/ruby-2.2.0@global/gems/test-kitchen-1.3.1/lib/kitchen/instance.rb:416:in `call'
E, [2015-02-09T19:19:21.687420 #15991] ERROR -- Kitchen: /Users/rjones/.rvm/gems/ruby-2.2.0@global/gems/test-kitchen-1.3.1/lib/kitchen/instance.rb:416:in `synchronize_or_call'
E, [2015-02-09T19:19:21.687443 #15991] ERROR -- Kitchen: /Users/rjones/.rvm/gems/ruby-2.2.0@global/gems/test-kitchen-1.3.1/lib/kitchen/instance.rb:381:in `block in action'
E, [2015-02-09T19:19:21.687467 #15991] ERROR -- Kitchen: /Users/rjones/.rvm/rubies/ruby-2.2.0/lib/ruby/2.2.0/benchmark.rb:288:in `measure'
E, [2015-02-09T19:19:21.687488 #15991] ERROR -- Kitchen: /Users/rjones/.rvm/gems/ruby-2.2.0@global/gems/test-kitchen-1.3.1/lib/kitchen/instance.rb:380:in `action'
E, [2015-02-09T19:19:21.687511 #15991] ERROR -- Kitchen: /Users/rjones/.rvm/gems/ruby-2.2.0@global/gems/test-kitchen-1.3.1/lib/kitchen/instance.rb:352:in `perform_action'
E, [2015-02-09T19:19:21.687533 #15991] ERROR -- Kitchen: /Users/rjones/.rvm/gems/ruby-2.2.0@global/gems/test-kitchen-1.3.1/lib/kitchen/instance.rb:312:in `converge_action'
E, [2015-02-09T19:19:21.687556 #15991] ERROR -- Kitchen: /Users/rjones/.rvm/gems/ruby-2.2.0@global/gems/test-kitchen-1.3.1/lib/kitchen/instance.rb:292:in `block in transition_to'
E, [2015-02-09T19:19:21.687577 #15991] ERROR -- Kitchen: /Users/rjones/.rvm/gems/ruby-2.2.0@global/gems/test-kitchen-1.3.1/lib/kitchen/instance.rb:291:in `each'
E, [2015-02-09T19:19:21.687637 #15991] ERROR -- Kitchen: /Users/rjones/.rvm/gems/ruby-2.2.0@global/gems/test-kitchen-1.3.1/lib/kitchen/instance.rb:291:in `transition_to'
E, [2015-02-09T19:19:21.687675 #15991] ERROR -- Kitchen: /Users/rjones/.rvm/gems/ruby-2.2.0@global/gems/test-kitchen-1.3.1/lib/kitchen/instance.rb:152:in `verify'
E, [2015-02-09T19:19:21.687705 #15991] ERROR -- Kitchen: /Users/rjones/.rvm/gems/ruby-2.2.0@global/gems/test-kitchen-1.3.1/lib/kitchen/instance.rb:181:in `block in test'
E, [2015-02-09T19:19:21.687736 #15991] ERROR -- Kitchen: /Users/rjones/.rvm/rubies/ruby-2.2.0/lib/ruby/2.2.0/benchmark.rb:288:in `measure'
E, [2015-02-09T19:19:21.687766 #15991] ERROR -- Kitchen: /Users/rjones/.rvm/gems/ruby-2.2.0@global/gems/test-kitchen-1.3.1/lib/kitchen/instance.rb:177:in `test'
E, [2015-02-09T19:19:21.687856 #15991] ERROR -- Kitchen: /Users/rjones/.rvm/gems/ruby-2.2.0@global/gems/test-kitchen-1.3.1/lib/kitchen/command.rb:176:in `public_send'
E, [2015-02-09T19:19:21.687901 #15991] ERROR -- Kitchen: /Users/rjones/.rvm/gems/ruby-2.2.0@global/gems/test-kitchen-1.3.1/lib/kitchen/command.rb:176:in `block (2 levels) in run_action'
E, [2015-02-09T19:19:21.687933 #15991] ERROR -- Kitchen: ----------------------
I, [2015-02-09T19:22:51.476696 #16174]  INFO -- Kitchen: -----> Starting Kitchen (v1.3.1)
I, [2015-02-09T19:22:51.775563 #16174]  INFO -- Kitchen: -----> Cleaning up any prior instances of <default-centos-70>
I, [2015-02-09T19:22:51.776450 #16174]  INFO -- Kitchen: -----> Destroying <default-centos-70>...
I, [2015-02-09T19:22:55.949336 #16174]  INFO -- Kitchen: -----> Testing <default-centos-70>
I, [2015-02-09T19:22:55.949485 #16174]  INFO -- Kitchen: -----> Creating <default-centos-70>...
I, [2015-02-09T19:23:39.575916 #16174]  INFO -- Kitchen: -----> Converging <default-centos-70>...
E, [2015-02-09T19:23:39.586377 #16174] ERROR -- Kitchen: ------Exception-------
E, [2015-02-09T19:23:39.586462 #16174] ERROR -- Kitchen: Class: Kitchen::ActionFailed
E, [2015-02-09T19:23:39.586513 #16174] ERROR -- Kitchen: Message: Failed to complete #converge action: [No such file or directory]
E, [2015-02-09T19:23:39.586555 #16174] ERROR -- Kitchen: ---Nested Exception---
E, [2015-02-09T19:23:39.586586 #16174] ERROR -- Kitchen: Class: Errno::ENOENT
E, [2015-02-09T19:23:39.586613 #16174] ERROR -- Kitchen: Message: No such file or directory
E, [2015-02-09T19:23:39.586638 #16174] ERROR -- Kitchen: ------Backtrace-------
E, [2015-02-09T19:23:39.586664 #16174] ERROR -- Kitchen: /Users/rjones/.rvm/rubies/ruby-2.2.0/lib/ruby/2.2.0/find.rb:42:in `block in find'
E, [2015-02-09T19:23:39.586697 #16174] ERROR -- Kitchen: /Users/rjones/.rvm/rubies/ruby-2.2.0/lib/ruby/2.2.0/find.rb:42:in `collect!'
E, [2015-02-09T19:23:39.586725 #16174] ERROR -- Kitchen: /Users/rjones/.rvm/rubies/ruby-2.2.0/lib/ruby/2.2.0/find.rb:42:in `find'
E, [2015-02-09T19:23:39.586915 #16174] ERROR -- Kitchen: /Users/rjones/.rvm/gems/ruby-2.2.0@global/gems/kitchen-salt-0.0.19/lib/kitchen/provisioner/salt_solo.rb:409:in `block in cp_r_with_filter'
E, [2015-02-09T19:23:39.586957 #16174] ERROR -- Kitchen: /Users/rjones/.rvm/gems/ruby-2.2.0@global/gems/kitchen-salt-0.0.19/lib/kitchen/provisioner/salt_solo.rb:408:in `each'
E, [2015-02-09T19:23:39.586994 #16174] ERROR -- Kitchen: /Users/rjones/.rvm/gems/ruby-2.2.0@global/gems/kitchen-salt-0.0.19/lib/kitchen/provisioner/salt_solo.rb:408:in `cp_r_with_filter'
E, [2015-02-09T19:23:39.587025 #16174] ERROR -- Kitchen: /Users/rjones/.rvm/gems/ruby-2.2.0@global/gems/kitchen-salt-0.0.19/lib/kitchen/provisioner/salt_solo.rb:362:in `prepare_formula'
E, [2015-02-09T19:23:39.587052 #16174] ERROR -- Kitchen: /Users/rjones/.rvm/gems/ruby-2.2.0@global/gems/kitchen-salt-0.0.19/lib/kitchen/provisioner/salt_solo.rb:158:in `create_sandbox'
E, [2015-02-09T19:23:39.587080 #16174] ERROR -- Kitchen: /Users/rjones/.rvm/gems/ruby-2.2.0@global/gems/test-kitchen-1.3.1/lib/kitchen/driver/ssh_base.rb:42:in `converge'
E, [2015-02-09T19:23:39.587106 #16174] ERROR -- Kitchen: /Users/rjones/.rvm/gems/ruby-2.2.0/gems/kitchen-vagrant-0.15.0/lib/kitchen/driver/vagrant.rb:75:in `converge'
E, [2015-02-09T19:23:39.587135 #16174] ERROR -- Kitchen: /Users/rjones/.rvm/gems/ruby-2.2.0@global/gems/test-kitchen-1.3.1/lib/kitchen/instance.rb:352:in `public_send'
E, [2015-02-09T19:23:39.587163 #16174] ERROR -- Kitchen: /Users/rjones/.rvm/gems/ruby-2.2.0@global/gems/test-kitchen-1.3.1/lib/kitchen/instance.rb:352:in `block in perform_action'
E, [2015-02-09T19:23:39.587191 #16174] ERROR -- Kitchen: /Users/rjones/.rvm/gems/ruby-2.2.0@global/gems/test-kitchen-1.3.1/lib/kitchen/instance.rb:416:in `call'
E, [2015-02-09T19:23:39.587218 #16174] ERROR -- Kitchen: /Users/rjones/.rvm/gems/ruby-2.2.0@global/gems/test-kitchen-1.3.1/lib/kitchen/instance.rb:416:in `synchronize_or_call'
E, [2015-02-09T19:23:39.587245 #16174] ERROR -- Kitchen: /Users/rjones/.rvm/gems/ruby-2.2.0@global/gems/test-kitchen-1.3.1/lib/kitchen/instance.rb:381:in `block in action'
E, [2015-02-09T19:23:39.587271 #16174] ERROR -- Kitchen: /Users/rjones/.rvm/rubies/ruby-2.2.0/lib/ruby/2.2.0/benchmark.rb:288:in `measure'
E, [2015-02-09T19:23:39.587297 #16174] ERROR -- Kitchen: /Users/rjones/.rvm/gems/ruby-2.2.0@global/gems/test-kitchen-1.3.1/lib/kitchen/instance.rb:380:in `action'
E, [2015-02-09T19:23:39.587319 #16174] ERROR -- Kitchen: /Users/rjones/.rvm/gems/ruby-2.2.0@global/gems/test-kitchen-1.3.1/lib/kitchen/instance.rb:352:in `perform_action'
E, [2015-02-09T19:23:39.587346 #16174] ERROR -- Kitchen: /Users/rjones/.rvm/gems/ruby-2.2.0@global/gems/test-kitchen-1.3.1/lib/kitchen/instance.rb:312:in `converge_action'
E, [2015-02-09T19:23:39.587368 #16174] ERROR -- Kitchen: /Users/rjones/.rvm/gems/ruby-2.2.0@global/gems/test-kitchen-1.3.1/lib/kitchen/instance.rb:292:in `block in transition_to'
E, [2015-02-09T19:23:39.587394 #16174] ERROR -- Kitchen: /Users/rjones/.rvm/gems/ruby-2.2.0@global/gems/test-kitchen-1.3.1/lib/kitchen/instance.rb:291:in `each'
E, [2015-02-09T19:23:39.587443 #16174] ERROR -- Kitchen: /Users/rjones/.rvm/gems/ruby-2.2.0@global/gems/test-kitchen-1.3.1/lib/kitchen/instance.rb:291:in `transition_to'
E, [2015-02-09T19:23:39.587472 #16174] ERROR -- Kitchen: /Users/rjones/.rvm/gems/ruby-2.2.0@global/gems/test-kitchen-1.3.1/lib/kitchen/instance.rb:152:in `verify'
E, [2015-02-09T19:23:39.587499 #16174] ERROR -- Kitchen: /Users/rjones/.rvm/gems/ruby-2.2.0@global/gems/test-kitchen-1.3.1/lib/kitchen/instance.rb:181:in `block in test'
E, [2015-02-09T19:23:39.587522 #16174] ERROR -- Kitchen: /Users/rjones/.rvm/rubies/ruby-2.2.0/lib/ruby/2.2.0/benchmark.rb:288:in `measure'
E, [2015-02-09T19:23:39.587546 #16174] ERROR -- Kitchen: /Users/rjones/.rvm/gems/ruby-2.2.0@global/gems/test-kitchen-1.3.1/lib/kitchen/instance.rb:177:in `test'
E, [2015-02-09T19:23:39.587572 #16174] ERROR -- Kitchen: /Users/rjones/.rvm/gems/ruby-2.2.0@global/gems/test-kitchen-1.3.1/lib/kitchen/command.rb:176:in `public_send'
E, [2015-02-09T19:23:39.587598 #16174] ERROR -- Kitchen: /Users/rjones/.rvm/gems/ruby-2.2.0@global/gems/test-kitchen-1.3.1/lib/kitchen/command.rb:176:in `block (2 levels) in run_action'
E, [2015-02-09T19:23:39.587626 #16174] ERROR -- Kitchen: ----------------------
